<?xml version="1.0" encoding="UTF-8"?>
<coverage generated="1416454700">
  <project timestamp="1416454700">
    <package name="yswery\DNS">
      <file name="/home/gary/sites/php-dns-server.gary.dev/php-dns-server/src/JsonStorageProvider.php">
        <class name="JsonStorageProvider" namespace="yswery\DNS">
          <metrics methods="2" coveredmethods="0" conditionals="0" coveredconditionals="0" statements="22" coveredstatements="16" elements="24" coveredelements="16"/>
        </class>
        <line num="11" type="method" name="__construct" crap="3.07" count="1"/>
        <line num="13" type="stmt" count="1"/>
        <line num="14" type="stmt" count="1"/>
        <line num="15" type="stmt" count="0"/>
        <line num="18" type="stmt" count="1"/>
        <line num="19" type="stmt" count="1"/>
        <line num="21" type="stmt" count="1"/>
        <line num="22" type="stmt" count="1"/>
        <line num="23" type="stmt" count="0"/>
        <line num="26" type="stmt" count="1"/>
        <line num="27" type="stmt" count="1"/>
        <line num="29" type="method" name="get_answer" crap="5.93" count="1"/>
        <line num="32" type="stmt" count="1"/>
        <line num="33" type="stmt" count="1"/>
        <line num="34" type="stmt" count="1"/>
        <line num="36" type="stmt" count="1"/>
        <line num="37" type="stmt" count="1"/>
        <line num="38" type="stmt" count="0"/>
        <line num="39" type="stmt" count="0"/>
        <line num="40" type="stmt" count="0"/>
        <line num="41" type="stmt" count="0"/>
        <line num="42" type="stmt" count="1"/>
        <line num="44" type="stmt" count="1"/>
        <line num="46" type="stmt" count="1"/>
        <metrics loc="49" ncloc="49" classes="1" methods="2" coveredmethods="0" conditionals="0" coveredconditionals="0" statements="22" coveredstatements="16" elements="24" coveredelements="16"/>
      </file>
      <file name="/home/gary/sites/php-dns-server.gary.dev/php-dns-server/src/RecordTypeEnum.php">
        <class name="RecordTypeEnum" namespace="yswery\DNS">
          <metrics methods="3" coveredmethods="0" conditionals="0" coveredconditionals="0" statements="5" coveredstatements="0" elements="8" coveredelements="0"/>
        </class>
        <line num="40" type="method" name="get_name" crap="2" count="0"/>
        <line num="42" type="stmt" count="0"/>
        <line num="49" type="method" name="get_type_index" crap="6" count="0"/>
        <line num="51" type="stmt" count="0"/>
        <line num="52" type="stmt" count="0"/>
        <line num="53" type="stmt" count="0"/>
        <line num="59" type="method" name="get_types" crap="2" count="0"/>
        <line num="61" type="stmt" count="0"/>
        <metrics loc="64" ncloc="50" classes="1" methods="3" coveredmethods="0" conditionals="0" coveredconditionals="0" statements="5" coveredstatements="0" elements="8" coveredelements="0"/>
      </file>
    </package>
    <metrics files="2" loc="113" ncloc="99" classes="2" methods="5" coveredmethods="0" conditionals="0" coveredconditionals="0" statements="27" coveredstatements="16" elements="32" coveredelements="16"/>
  </project>
</coverage>
