<?xml version="1.0" encoding="UTF-8"?>
<coverage generated="1416542591">
  <project timestamp="1416542591">
    <package name="yswery\DNS">
      <file name="/home/gary/sites/php-dns-server.gary.dev/php-dns-server/src/JsonStorageProvider.php">
        <class name="JsonStorageProvider" namespace="yswery\DNS">
          <metrics methods="2" coveredmethods="1" conditionals="0" coveredconditionals="0" statements="22" coveredstatements="21" elements="24" coveredelements="22"/>
        </class>
        <line num="13" type="method" name="__construct" crap="3.01" count="5"/>
        <line num="15" type="stmt" count="5"/>
        <line num="16" type="stmt" count="5"/>
        <line num="17" type="stmt" count="1"/>
        <line num="20" type="stmt" count="5"/>
        <line num="21" type="stmt" count="5"/>
        <line num="23" type="stmt" count="5"/>
        <line num="24" type="stmt" count="5"/>
        <line num="25" type="stmt" count="0"/>
        <line num="28" type="stmt" count="5"/>
        <line num="29" type="stmt" count="5"/>
        <line num="31" type="method" name="get_answer" crap="5" count="3"/>
        <line num="34" type="stmt" count="3"/>
        <line num="35" type="stmt" count="3"/>
        <line num="36" type="stmt" count="3"/>
        <line num="38" type="stmt" count="3"/>
        <line num="39" type="stmt" count="2"/>
        <line num="40" type="stmt" count="1"/>
        <line num="41" type="stmt" count="1"/>
        <line num="42" type="stmt" count="1"/>
        <line num="43" type="stmt" count="1"/>
        <line num="44" type="stmt" count="1"/>
        <line num="46" type="stmt" count="2"/>
        <line num="48" type="stmt" count="3"/>
        <metrics loc="51" ncloc="51" classes="1" methods="2" coveredmethods="1" conditionals="0" coveredconditionals="0" statements="22" coveredstatements="21" elements="24" coveredelements="22"/>
      </file>
      <file name="/home/gary/sites/php-dns-server.gary.dev/php-dns-server/src/RecordTypeEnum.php">
        <class name="RecordTypeEnum" namespace="yswery\DNS">
          <metrics methods="3" coveredmethods="0" conditionals="0" coveredconditionals="0" statements="5" coveredstatements="0" elements="8" coveredelements="0"/>
        </class>
        <line num="40" type="method" name="get_name" crap="2" count="0"/>
        <line num="42" type="stmt" count="0"/>
        <line num="49" type="method" name="get_type_index" crap="6" count="0"/>
        <line num="51" type="stmt" count="0"/>
        <line num="52" type="stmt" count="0"/>
        <line num="53" type="stmt" count="0"/>
        <line num="59" type="method" name="get_types" crap="2" count="0"/>
        <line num="61" type="stmt" count="0"/>
        <metrics loc="64" ncloc="50" classes="1" methods="3" coveredmethods="0" conditionals="0" coveredconditionals="0" statements="5" coveredstatements="0" elements="8" coveredelements="0"/>
      </file>
    </package>
    <metrics files="2" loc="115" ncloc="101" classes="2" methods="5" coveredmethods="1" conditionals="0" coveredconditionals="0" statements="27" coveredstatements="21" elements="32" coveredelements="22"/>
  </project>
</coverage>
